C51 COMPILER V9.59.0.0   MAIN                                                              12/23/2020 23:16:10 PAGE 1   


C51 COMPILER V9.59.0.0, COMPILATION OF MODULE MAIN
OBJECT MODULE PLACED IN .\Objects\main.obj
COMPILER INVOKED BY: E:\Keil\C51\BIN\C51.EXE main.c OPTIMIZE(8,SPEED) BROWSE DEBUG OBJECTEXTEND PRINT(.\Listings\main.ls
                    -t) TABS(2) OBJECT(.\Objects\main.obj)

line level    source

   1          #include <reg51.h>
   2          
   3          #define uint unsigned int
   4          #define uchar unsigned char
   5          
   6          sbit P17=P1^7;
   7          
   8          main ( ) 
   9          {
  10   1        //字符 0:0xbf. 1:0x86. 2:0xdb. 3:0xcf. 4:0xe6. 5:0xed. 6:0xfd. 7:0x87. 8:0xff
  11   1        //学号前6位
  12   1        uchar code tab1[6]={0xdb,0xbf,0x86,0xff,0xbf,0xbf};
  13   1        //学号后6位,默认201800 000000按需修改
  14   1        //拨码开关上调为前6位
  15   1        //下调为后6位
  16   1        uchar code tab2[6]={0xbf,0xbf,0xbf,0xbf,0xbf,0xbf};
  17   1        uchar i;
  18   1        uint j;
  19   1        while (1)
  20   1        {
  21   2          P3=0x01;
  22   2          for(i=0;i<6; i++)
  23   2          {
  24   3            if(P17==1)
  25   3              P1=tab1[i];
  26   3            else 
  27   3              P1=tab2[i];
  28   3            for(j=0;j<=25000;j++);
  29   3              P3<<=1;
  30   3          }
  31   2        }
  32   1      } 


MODULE INFORMATION:   STATIC OVERLAYABLE
   CODE SIZE        =     53    ----
   CONSTANT SIZE    =     12    ----
   XDATA SIZE       =   ----    ----
   PDATA SIZE       =   ----    ----
   DATA SIZE        =   ----    ----
   IDATA SIZE       =   ----    ----
   BIT SIZE         =   ----    ----
END OF MODULE INFORMATION.


C51 COMPILATION COMPLETE.  0 WARNING(S),  0 ERROR(S)
